<?xml version="1.0" encoding="UTF-8"?>
<!-- Generated by org.testng.reporters.JUnitReportReporter -->
<testsuite hostname="DESKTOP-J1BBO1E" failures="0" tests="5" name="com.buffalocart.testscripts.RolePageTest" time="249.448" errors="0" timestamp="2022-09-18T17:08:23 GST" skipped="0">
  <testcase classname="com.buffalocart.testscripts.RolePageTest" name="verify_Add_Roles_page_title" time="36.756"/>
  <system-out/>
  <testcase classname="com.buffalocart.testscripts.RolePageTest" name="verify_user_can_add_roles" time="51.342"/>
  <system-out/>
  <testcase classname="com.buffalocart.testscripts.RolePageTest" name="verify_Edit_Role_page_title" time="38.491"/>
  <system-out/>
  <testcase classname="com.buffalocart.testscripts.RolePageTest" name="verify_user_can_update_a_role" time="63.979"/>
  <system-out/>
  <testcase classname="com.buffalocart.testscripts.RolePageTest" name="verify_user_can_delete_a_role_from_the_list" time="58.880"/>
  <system-out/>
</testsuite> <!-- com.buffalocart.testscripts.RolePageTest -->
